<?xml version="1.0" encoding="UTF-8"?>
<!-- Generated by org.testng.reporters.JUnitReportReporter -->
<testsuite hostname="DESKTOP-16UQNCM" failures="0" tests="1" name="testcases.Selectcountry" time="4.768" errors="0" timestamp="2023-11-05T20:31:02 IST" skipped="0">
  <testcase classname="testcases.Selectcountry" name="selectclass" time="4.768"/>
</testsuite> <!-- testcases.Selectcountry -->
