<?xml version="1.0" encoding="UTF-8"?>
<!-- Generated by org.testng.reporters.JUnitReportReporter -->
<testsuite hostname="DESKTOP-16UQNCM" failures="0" tests="1" name="testcases.automationpracticealert" time="0.377" errors="0" timestamp="2023-11-05T22:26:06 IST" skipped="0">
  <testcase classname="testcases.automationpracticealert" name="handlealert" time="0.377"/>
</testsuite> <!-- testcases.automationpracticealert -->
