<?xml version="1.0" encoding="UTF-8"?>
<!-- Generated by org.testng.reporters.JUnitReportReporter -->
<testsuite hostname="DESKTOP-16UQNCM" failures="0" tests="1" name="testcases.Datepicker" time="47.912" errors="0" timestamp="2023-11-05T19:38:17 IST" skipped="0">
  <testcase classname="testcases.Datepicker" name="datePicker" time="47.912"/>
</testsuite> <!-- testcases.Datepicker -->
