<?xml version="1.0" encoding="UTF-8"?>
<!-- Generated by org.testng.reporters.JUnitReportReporter -->
<<<<<<< HEAD
<testsuite hostname="DESKTOP-16UQNCM" failures="0" tests="1" name="testcases.automationpracticealert" time="0.518" errors="0" timestamp="2023-11-11T14:26:09 IST" skipped="0">
  <testcase classname="testcases.automationpracticealert" name="handlealert" time="0.518"/>
=======
<testsuite hostname="DESKTOP-16UQNCM" failures="0" tests="1" name="testcases.automationpracticealert" time="0.515" errors="0" timestamp="2023-11-11T14:40:43 IST" skipped="0">
  <testcase classname="testcases.automationpracticealert" name="handlealert" time="0.515"/>
>>>>>>> 842b2cb (allure report update)
</testsuite> <!-- testcases.automationpracticealert -->
