<?xml version="1.0" encoding="UTF-8"?>
<!-- Generated by org.testng.reporters.JUnitReportReporter -->
<testsuite hostname="DESKTOP-16UQNCM" failures="0" tests="1" name="testcases.Datepicker" time="10.574" errors="0" timestamp="2023-11-05T20:31:02 IST" skipped="0">
  <testcase classname="testcases.Datepicker" name="datePicker" time="10.574"/>
</testsuite> <!-- testcases.Datepicker -->
