<?xml version="1.0" encoding="UTF-8"?>
<!-- Generated by org.testng.reporters.JUnitReportReporter -->
<testsuite hostname="DESKTOP-16UQNCM" failures="0" tests="9" name="testcases.automationpracticetestcases" time="1.151" errors="0" timestamp="2023-11-05T23:23:00 IST" skipped="1">
  <testcase classname="testcases.automationpracticetestcases" name="enterphone" time="0.105"/>
  <testcase classname="testcases.automationpracticetestcases" name="verifynewbrowserwindowtext" time="0.037"/>
  <testcase classname="testcases.automationpracticetestcases" name="newbrowserwindowbtn" time="0.067">
    <skipped/>
  </testcase> <!-- newbrowserwindowbtn -->
  <testcase classname="testcases.automationpracticetestcases" name="selectgender" time="0.395"/>
  <testcase classname="testcases.automationpracticetestcases" name="selectmonday" time="0.079"/>
  <testcase classname="testcases.automationpracticetestcases" name="enteremail" time="0.110"/>
  <testcase classname="testcases.automationpracticetestcases" name="enteraddress" time="0.168"/>
  <testcase classname="testcases.automationpracticetestcases" name="verifypage" time="0.120"/>
  <testcase classname="testcases.automationpracticetestcases" name="selectsunday" time="0.070"/>
</testsuite> <!-- testcases.automationpracticetestcases -->
