<?xml version="1.0" encoding="UTF-8"?>
<!-- Generated by org.testng.reporters.JUnitReportReporter -->
<testsuite hostname="DESKTOP-16UQNCM" failures="0" tests="1" name="testcases.WebTable" time="5.775" errors="0" timestamp="2023-11-11T12:53:19 IST" skipped="0">
  <testcase classname="testcases.WebTable" name="webtable" time="5.775"/>
</testsuite> <!-- testcases.WebTable -->
