<?xml version="1.0" encoding="UTF-8"?>
<!-- Generated by org.testng.reporters.JUnitReportReporter -->
<testsuite hostname="DESKTOP-16UQNCM" failures="0" tests="1" name="testcases.Iframe" time="10.591" errors="0" timestamp="2023-11-05T16:25:40 IST" skipped="0">
  <testcase classname="testcases.Iframe" name="iframe" time="10.591"/>
</testsuite> <!-- testcases.Iframe -->
