<?xml version="1.0" encoding="UTF-8"?>
<!-- Generated by org.testng.reporters.JUnitReportReporter -->
<testsuite hostname="DESKTOP-16UQNCM" failures="0" tests="1" name="testcases.automationpracticeALERT" time="0.356" errors="0" timestamp="2023-11-05T12:36:33 IST" skipped="0">
  <testcase classname="testcases.automationpracticeALERT" name="handlealert" time="0.356"/>
</testsuite> <!-- testcases.automationpracticeALERT -->
