<?xml version="1.0" encoding="UTF-8"?>
<!-- Generated by org.testng.reporters.JUnitReportReporter -->
<testsuite hostname="DESKTOP-16UQNCM" failures="0" tests="1" name="testcases.automationpracticealert" time="0.388" errors="0" timestamp="2023-11-11T15:55:44 IST" skipped="0">
  <testcase classname="testcases.automationpracticealert" name="handlealert" time="0.388"/>
</testsuite> <!-- testcases.automationpracticealert -->
