<?xml version="1.0" encoding="UTF-8"?>
<!-- Generated by org.testng.reporters.JUnitReportReporter -->
<testsuite hostname="DESKTOP-16UQNCM" failures="0" tests="9" name="testcases.automationpracticetestcases" time="1.505" errors="0" timestamp="2023-11-11T12:53:19 IST" skipped="1">
  <testcase classname="testcases.automationpracticetestcases" name="verifynewbrowserwindowtext" time="0.053"/>
  <testcase classname="testcases.automationpracticetestcases" name="selectsunday" time="0.090"/>
  <testcase classname="testcases.automationpracticetestcases" name="selectgender" time="0.433"/>
  <testcase classname="testcases.automationpracticetestcases" name="enteremail" time="0.111"/>
  <testcase classname="testcases.automationpracticetestcases" name="enterphone" time="0.143"/>
  <testcase classname="testcases.automationpracticetestcases" name="enteraddress" time="0.295"/>
  <testcase classname="testcases.automationpracticetestcases" name="newbrowserwindowbtn" time="0.078">
    <skipped/>
  </testcase> <!-- newbrowserwindowbtn -->
  <testcase classname="testcases.automationpracticetestcases" name="selectmonday" time="0.180"/>
  <testcase classname="testcases.automationpracticetestcases" name="verifypage" time="0.122"/>
</testsuite> <!-- testcases.automationpracticetestcases -->
