<?xml version="1.0" encoding="UTF-8"?>
<!-- Generated by org.testng.reporters.JUnitReportReporter -->
<testsuite hostname="DESKTOP-16UQNCM" failures="0" tests="1" name="testcases.Iframe" time="10.825" errors="0" timestamp="2023-11-11T14:26:09 IST" skipped="0">
  <testcase classname="testcases.Iframe" name="iframe" time="10.825"/>
</testsuite> <!-- testcases.Iframe -->
