<?xml version="1.0" encoding="UTF-8"?>
<!-- Generated by org.testng.reporters.JUnitReportReporter -->
<testsuite hostname="DESKTOP-16UQNCM" failures="0" tests="9" name="testcases.automationpracticetestcases" time="1.443" errors="0" timestamp="2023-11-05T12:34:25 IST" skipped="1">
  <testcase classname="testcases.automationpracticetestcases" name="enteremail" time="0.116"/>
  <testcase classname="testcases.automationpracticetestcases" name="enterphone" time="0.148"/>
  <testcase classname="testcases.automationpracticetestcases" name="selectsunday" time="0.106"/>
  <testcase classname="testcases.automationpracticetestcases" name="selectmonday" time="0.079"/>
  <testcase classname="testcases.automationpracticetestcases" name="verifynewbrowserwindowtext" time="0.072"/>
  <testcase classname="testcases.automationpracticetestcases" name="enteraddress" time="0.264"/>
  <testcase classname="testcases.automationpracticetestcases" name="newbrowserwindowbtn" time="0.095">
    <skipped/>
  </testcase> <!-- newbrowserwindowbtn -->
  <testcase classname="testcases.automationpracticetestcases" name="selectgender" time="0.428"/>
  <testcase classname="testcases.automationpracticetestcases" name="verifypage" time="0.135"/>
</testsuite> <!-- testcases.automationpracticetestcases -->
