<?xml version="1.0" encoding="UTF-8"?>
<!-- Generated by org.testng.reporters.JUnitReportReporter -->
<testsuite hostname="DESKTOP-16UQNCM" failures="0" tests="9" name="testcases.automationpracticetestcases" time="1.591" errors="0" timestamp="2023-11-02T15:50:29 IST" skipped="1">
  <testcase classname="testcases.automationpracticetestcases" name="newbrowserwindowbtn" time="0.188">
    <skipped/>
  </testcase> <!-- newbrowserwindowbtn -->
  <testcase classname="testcases.automationpracticetestcases" name="enteraddress" time="0.258"/>
  <testcase classname="testcases.automationpracticetestcases" name="selectmonday" time="0.101"/>
  <testcase classname="testcases.automationpracticetestcases" name="verifypage" time="0.172"/>
  <testcase classname="testcases.automationpracticetestcases" name="selectsunday" time="0.117"/>
  <testcase classname="testcases.automationpracticetestcases" name="selectgender" time="0.492"/>
  <testcase classname="testcases.automationpracticetestcases" name="enterphone" time="0.102"/>
  <testcase classname="testcases.automationpracticetestcases" name="enteremail" time="0.102"/>
  <testcase classname="testcases.automationpracticetestcases" name="verifynewbrowserwindowtext" time="0.059"/>
</testsuite> <!-- testcases.automationpracticetestcases -->
