<?xml version="1.0" encoding="UTF-8"?>
<!-- Generated by org.testng.reporters.JUnitReportReporter -->
<testsuite hostname="DESKTOP-16UQNCM" failures="0" tests="9" name="testcases.automationpracticetestcases" time="1.116" errors="0" timestamp="2023-11-02T16:04:03 IST" skipped="1">
  <testcase classname="testcases.automationpracticetestcases" name="enterphone" time="0.100"/>
  <testcase classname="testcases.automationpracticetestcases" name="verifypage" time="0.122"/>
  <testcase classname="testcases.automationpracticetestcases" name="selectmonday" time="0.073"/>
  <testcase classname="testcases.automationpracticetestcases" name="enteremail" time="0.100"/>
  <testcase classname="testcases.automationpracticetestcases" name="selectgender" time="0.404"/>
  <testcase classname="testcases.automationpracticetestcases" name="enteraddress" time="0.145"/>
  <testcase classname="testcases.automationpracticetestcases" name="newbrowserwindowbtn" time="0.063">
    <skipped/>
  </testcase> <!-- newbrowserwindowbtn -->
  <testcase classname="testcases.automationpracticetestcases" name="selectsunday" time="0.071"/>
  <testcase classname="testcases.automationpracticetestcases" name="verifynewbrowserwindowtext" time="0.038"/>
</testsuite> <!-- testcases.automationpracticetestcases -->
