<?xml version="1.0" encoding="UTF-8"?>
<!-- Generated by org.testng.reporters.JUnitReportReporter -->
<testsuite hostname="DESKTOP-16UQNCM" failures="0" tests="9" name="testcases.automationpracticetestcases" time="1.304" errors="0" timestamp="2023-11-02T16:13:31 IST" skipped="1">
  <testcase classname="testcases.automationpracticetestcases" name="verifypage" time="0.131"/>
  <testcase classname="testcases.automationpracticetestcases" name="enteremail" time="0.110"/>
  <testcase classname="testcases.automationpracticetestcases" name="selectsunday" time="0.131"/>
  <testcase classname="testcases.automationpracticetestcases" name="enterphone" time="0.125"/>
  <testcase classname="testcases.automationpracticetestcases" name="enteraddress" time="0.151"/>
  <testcase classname="testcases.automationpracticetestcases" name="selectgender" time="0.430"/>
  <testcase classname="testcases.automationpracticetestcases" name="selectmonday" time="0.084"/>
  <testcase classname="testcases.automationpracticetestcases" name="verifynewbrowserwindowtext" time="0.044"/>
  <testcase classname="testcases.automationpracticetestcases" name="newbrowserwindowbtn" time="0.098">
    <skipped/>
  </testcase> <!-- newbrowserwindowbtn -->
</testsuite> <!-- testcases.automationpracticetestcases -->
