<?xml version="1.0" encoding="UTF-8"?>
<!-- Generated by org.testng.reporters.JUnitReportReporter -->
<testsuite hostname="DESKTOP-16UQNCM" failures="0" tests="9" name="testcases.automationpracticetestcases" time="1.095" errors="0" timestamp="2023-11-07T16:12:39 IST" skipped="1">
  <testcase classname="testcases.automationpracticetestcases" name="newbrowserwindowbtn" time="0.061">
    <skipped/>
  </testcase> <!-- newbrowserwindowbtn -->
  <testcase classname="testcases.automationpracticetestcases" name="verifypage" time="0.114"/>
  <testcase classname="testcases.automationpracticetestcases" name="enteraddress" time="0.150"/>
  <testcase classname="testcases.automationpracticetestcases" name="enterphone" time="0.083"/>
  <testcase classname="testcases.automationpracticetestcases" name="selectgender" time="0.431"/>
  <testcase classname="testcases.automationpracticetestcases" name="selectsunday" time="0.060"/>
  <testcase classname="testcases.automationpracticetestcases" name="selectmonday" time="0.068"/>
  <testcase classname="testcases.automationpracticetestcases" name="verifynewbrowserwindowtext" time="0.048"/>
  <testcase classname="testcases.automationpracticetestcases" name="enteremail" time="0.080"/>
</testsuite> <!-- testcases.automationpracticetestcases -->
